07:12:17 [LOG]      > (iCARUS) : Blobed all logs
07:13:13 [LOG]      > (iCARUS) : Got student with login iCARUS
07:13:13 [WARNING]  > (iCARUS) : Updated session (admin)
07:13:13 [LOG]      > (iCARUS) : Got session
07:13:13 [LOG]      > (iCARUS) : Got session
07:13:13 [LOG]      > (iCARUS) : Got session
07:13:13 [LOG]      > (iCARUS) : Got session
07:13:13 [LOG]      > (iCARUS) : Got all goodies
07:13:13 [LOG]      > (iCARUS) : Got thumbnail of goodies 8
07:13:13 [LOG]      > (iCARUS) : Got all filtered events
07:13:14 [LOG]      > (iCARUS) : Got thumbnail of goodies 9
07:13:14 [LOG]      > (iCARUS) : Got thumbnail of goodies 10
07:13:14 [LOG]      > (iCARUS) : Got thumbnail of event 1
07:13:51 [LOG]      > (iCARUS) : Got student with login iCARUS
07:13:51 [WARNING]  > (iCARUS) : Updated session (admin)
07:13:51 [LOG]      > (iCARUS) : Got session
07:13:51 [LOG]      > (iCARUS) : Got session
07:13:51 [LOG]      > (iCARUS) : Got session
07:13:51 [LOG]      > (iCARUS) : Got session
07:13:51 [LOG]      > (iCARUS) : Got all contributions of student aguemazi
07:13:51 [LOG]      > (iCARUS) : Got all contributions of student averon
07:13:51 [LOG]      > (iCARUS) : Got all contributions of student Link
07:13:51 [LOG]      > (iCARUS) : Got all contributions of student iCARUS
07:13:51 [LOG]      > (iCARUS) : Got all contributions of student dhaliti
07:13:51 [LOG]      > (iCARUS) : Got all contributions of student dsimler
07:13:51 [LOG]      > (iCARUS) : Got all contributions of student edelarbr
07:13:51 [LOG]      > (iCARUS) : Got all contributions of student emuller
07:13:51 [LOG]      > (iCARUS) : Got all contributions of student isitbon
07:13:51 [LOG]      > (iCARUS) : Got all contributions of student jdutschk
07:13:51 [LOG]      > (iCARUS) : Got all contributions of student joberle
07:13:51 [LOG]      > (iCARUS) : Got all contributions of student jschmitt
07:13:51 [LOG]      > (iCARUS) : Got all contributions of student lhutt
07:13:51 [LOG]      > (iCARUS) : Got all contributions of student loculy
07:13:51 [LOG]      > (iCARUS) : Got all contributions of student mde-vaul
07:13:51 [LOG]      > (iCARUS) : Got all contributions of student mernst
07:13:51 [LOG]      > (iCARUS) : Got all contributions of student mfusil
07:13:51 [LOG]      > (iCARUS) : Got all contributions of student mgeisler
07:13:51 [LOG]      > (iCARUS) : Got all contributions of student misimon
07:13:51 [LOG]      > (iCARUS) : Got all contributions of student mpankewi
07:13:51 [LOG]      > (iCARUS) : Got all contributions of student ndick
07:13:51 [LOG]      > (iCARUS) : Got all contributions of student pwolff
07:13:51 [LOG]      > (iCARUS) : Got all contributions of student snow
07:13:51 [LOG]      > (iCARUS) : Got all contributions of student stissera
07:13:51 [LOG]      > (iCARUS) : Got all contributions of student swalter
07:13:51 [LOG]      > (iCARUS) : Got all contributions of student thomathi
07:13:51 [LOG]      > (iCARUS) : Got all contributions of student tkempf-e
07:13:51 [LOG]      > (iCARUS) : Got all contributions of student tunsinge
07:13:51 [LOG]      > (iCARUS) : Got all contributions of student tvanbael
07:13:51 [LOG]      > (iCARUS) : Got all contributions of student yabed
07:13:51 [LOG]      > (iCARUS) : Got all students
07:13:53 [LOG]      > (iCARUS) : Got student with login iCARUS
07:13:53 [WARNING]  > (iCARUS) : Updated session (admin)
07:13:53 [LOG]      > (iCARUS) : Got session
07:13:53 [LOG]      > (iCARUS) : Got all current events
07:13:53 [LOG]      > (iCARUS) : Got session
07:13:53 [LOG]      > (iCARUS) : Got session
07:13:53 [LOG]      > (iCARUS) : Got session
07:13:54 [LOG]      > (iCARUS) : Got all subscriptions for event 1
07:13:56 [LOG]      > (iCARUS) : Got all subscriptions for event 2
07:13:57 [LOG]      > (iCARUS) : Got student with login iCARUS
07:13:57 [WARNING]  > (iCARUS) : Updated session (admin)
07:13:57 [LOG]      > (iCARUS) : Got session
07:13:57 [LOG]      > (iCARUS) : Got session
07:13:57 [LOG]      > (iCARUS) : Got all contributions
07:13:57 [LOG]      > (iCARUS) : Got session
07:13:57 [LOG]      > (iCARUS) : Got session
07:13:59 [LOG]      > (iCARUS) : Got student with login iCARUS
07:13:59 [WARNING]  > (iCARUS) : Updated session (admin)
07:13:59 [LOG]      > (iCARUS) : Got session
07:13:59 [LOG]      > (iCARUS) : Got all current events
07:13:59 [LOG]      > (iCARUS) : Got session
07:13:59 [LOG]      > (iCARUS) : Got session
07:13:59 [LOG]      > (iCARUS) : Got session
07:14:00 [LOG]      > (iCARUS) : Got student with login iCARUS
07:14:00 [WARNING]  > (iCARUS) : Updated session (admin)
07:14:00 [LOG]      > (iCARUS) : Got session
07:14:00 [LOG]      > (iCARUS) : Got session
07:14:00 [LOG]      > (iCARUS) : Got all filtered events
07:14:00 [LOG]      > (iCARUS) : Got session
07:14:00 [LOG]      > (iCARUS) : Got session
07:14:00 [LOG]      > (iCARUS) : Got thumbnail of event 1
07:14:00 [LOG]      > (iCARUS) : Got thumbnail of event 2
07:14:00 [LOG]      > (iCARUS) : Got student with login iCARUS
07:14:00 [WARNING]  > (iCARUS) : Updated session (admin)
07:14:01 [LOG]      > (iCARUS) : Got session
07:14:01 [LOG]      > (iCARUS) : Got all contributions of student aguemazi
07:14:01 [LOG]      > (iCARUS) : Got all contributions of student averon
07:14:01 [LOG]      > (iCARUS) : Got all contributions of student Link
07:14:01 [LOG]      > (iCARUS) : Got session
07:14:01 [LOG]      > (iCARUS) : Got all contributions of student iCARUS
07:14:01 [LOG]      > (iCARUS) : Got all contributions of student dhaliti
07:14:01 [LOG]      > (iCARUS) : Got all contributions of student dsimler
07:14:01 [LOG]      > (iCARUS) : Got all contributions of student edelarbr
07:14:01 [LOG]      > (iCARUS) : Got session
07:14:01 [LOG]      > (iCARUS) : Got all contributions of student emuller
07:14:01 [LOG]      > (iCARUS) : Got all contributions of student isitbon
07:14:01 [LOG]      > (iCARUS) : Got all contributions of student jdutschk
07:14:01 [LOG]      > (iCARUS) : Got all contributions of student joberle
07:14:01 [LOG]      > (iCARUS) : Got all contributions of student jschmitt
07:14:01 [LOG]      > (iCARUS) : Got session
07:14:01 [LOG]      > (iCARUS) : Got all contributions of student lhutt
07:14:01 [LOG]      > (iCARUS) : Got all contributions of student loculy
07:14:01 [LOG]      > (iCARUS) : Got all contributions of student mde-vaul
07:14:01 [LOG]      > (iCARUS) : Got all contributions of student mernst
07:14:01 [LOG]      > (iCARUS) : Got all contributions of student mfusil
07:14:01 [LOG]      > (iCARUS) : Got all contributions of student mgeisler
07:14:01 [LOG]      > (iCARUS) : Got all contributions of student misimon
07:14:01 [LOG]      > (iCARUS) : Got all contributions of student mpankewi
07:14:01 [LOG]      > (iCARUS) : Got all contributions of student ndick
07:14:01 [LOG]      > (iCARUS) : Got all contributions of student pwolff
07:14:01 [LOG]      > (iCARUS) : Got all contributions of student snow
07:14:01 [LOG]      > (iCARUS) : Got all contributions of student stissera
07:14:01 [LOG]      > (iCARUS) : Got all contributions of student swalter
07:14:01 [LOG]      > (iCARUS) : Got all contributions of student thomathi
07:14:01 [LOG]      > (iCARUS) : Got all contributions of student tkempf-e
07:14:01 [LOG]      > (iCARUS) : Got all contributions of student tunsinge
07:14:01 [LOG]      > (iCARUS) : Got all contributions of student tvanbael
07:14:01 [LOG]      > (iCARUS) : Got all contributions of student yabed
07:14:01 [LOG]      > (iCARUS) : Got all students
07:14:10 [LOG]      > (iCARUS) : Got student with login iCARUS
07:14:10 [WARNING]  > (iCARUS) : Updated session (admin)
07:14:10 [LOG]      > (iCARUS) : Got session
07:14:10 [LOG]      > (iCARUS) : Got session
07:14:10 [LOG]      > (iCARUS) : Got session
07:14:10 [LOG]      > (iCARUS) : Got session
07:14:10 [LOG]      > (iCARUS) : Got all goodies
07:14:10 [LOG]      > (iCARUS) : Got thumbnail of goodies 9
07:14:10 [LOG]      > (iCARUS) : Got thumbnail of goodies 10
07:14:10 [LOG]      > (iCARUS) : Got all filtered events
07:14:10 [LOG]      > (iCARUS) : Got thumbnail of event 1
07:14:10 [LOG]      > (iCARUS) : Got thumbnail of goodies 8
07:22:19 [LOG]      > (iCARUS) : Got student with login iCARUS
07:22:19 [WARNING]  > (iCARUS) : Updated session (admin)
07:22:19 [LOG]      > (iCARUS) : Got session
07:22:19 [LOG]      > (iCARUS) : Got session
07:22:19 [LOG]      > (iCARUS) : Got session
07:22:19 [LOG]      > (iCARUS) : Got session
07:22:19 [LOG]      > (iCARUS) : Got all goodies
07:22:19 [LOG]      > (iCARUS) : Got thumbnail of goodies 9
07:22:19 [LOG]      > (iCARUS) : Got thumbnail of goodies 8
07:22:19 [LOG]      > (iCARUS) : Got thumbnail of goodies 10
07:22:19 [LOG]      > (iCARUS) : Got all filtered events
07:22:19 [LOG]      > (iCARUS) : Got thumbnail of event 1
07:29:58 [LOG]      > (Public) : Got session
07:29:59 [LOG]      > (Public) : Got session
07:29:59 [LOG]      > (Public) : Got all goodies
07:29:59 [LOG]      > (Public) : Got session
07:29:59 [LOG]      > (Public) : Got session
07:30:00 [LOG]      > (Public) : Got thumbnail of goodies 9
07:30:00 [LOG]      > (Public) : Got thumbnail of goodies 8
07:30:00 [LOG]      > (Public) : Got thumbnail of goodies 10
07:31:59 [LOG]      > (Public) : Got goodies with id 8
07:31:59 [LOG]      > (Public) : Got album of goodies 8
07:33:13 [LOG]      > (Public) : Got goodies with id 10
07:33:13 [LOG]      > (Public) : Got album of goodies 10
07:33:24 [LOG]      > (Public) : Got goodies with id 9
07:33:24 [LOG]      > (Public) : Got album of goodies 9
07:33:49 [LOG]      > (Public) : Got session
07:33:50 [LOG]      > (42intra-API) : Created new student llion
07:33:50 [LOG]      > (42intra-API) : Logged student llion
07:33:50 [WARNING]  > (42intra-API) : Failed -> Find student with login llion : student does not exist
07:33:50 [WARNING]  > (42intra-API) : Failed -> Find student with login llion : student does not exist
07:33:50 [LOG]      > (llion) : Got session
07:33:51 [LOG]      > (llion) : Got student with login llion
07:33:51 [WARNING]  > (llion) : Updated session (admin)
07:33:52 [LOG]      > (llion) : Got session
07:33:52 [LOG]      > (llion) : Got all goodies
07:33:52 [LOG]      > (llion) : Got session
07:33:52 [LOG]      > (llion) : Got session
07:33:53 [LOG]      > (llion) : Got session
07:33:53 [LOG]      > (llion) : Got thumbnail of goodies 9
07:33:53 [LOG]      > (llion) : Got thumbnail of goodies 8
07:33:53 [LOG]      > (llion) : Got thumbnail of goodies 10
07:33:53 [LOG]      > (llion) : Got all filtered events
07:33:54 [LOG]      > (llion) : Got thumbnail of event 1
07:34:07 [LOG]      > (llion) : Got thumbnail of event 1
07:34:07 [LOG]      > (llion) : Got event with id 1 
07:34:07 [LOG]      > (llion) : Got student with login llion
07:34:08 [LOG]      > (llion) : Checked if student llion is subbed to event 1
07:34:08 [LOG]      > (llion) : Checked if student llion is subbed to event 1
07:34:08 [LOG]      > (llion) : Got event with id 1 
07:34:08 [LOG]      > (llion) : Checked if student llion is subbed to event 1
07:34:08 [LOG]      > (llion) : Checked if student llion is subbed to event 1
07:39:53 [LOG]      > (Public) : Got session
07:39:53 [LOG]      > (Public) : Got all goodies
07:39:54 [LOG]      > (Public) : Got session
07:39:54 [LOG]      > (Public) : Got thumbnail of goodies 9
07:39:54 [LOG]      > (Public) : Got thumbnail of goodies 8
07:39:54 [LOG]      > (Public) : Got thumbnail of goodies 10
07:39:54 [LOG]      > (Public) : Got session
07:39:54 [LOG]      > (Public) : Got session
07:40:23 [LOG]      > (Public) : Got album of goodies 8
07:40:23 [LOG]      > (Public) : Got goodies with id 8
07:55:00 [LOG]      > (Public) : Got session
07:55:01 [LOG]      > (Public) : Got all goodies
07:55:01 [LOG]      > (Public) : Got session
07:55:01 [LOG]      > (Public) : Got session
07:55:01 [LOG]      > (Public) : Got thumbnail of goodies 9
07:55:01 [LOG]      > (Public) : Got thumbnail of goodies 8
07:55:02 [LOG]      > (Public) : Got thumbnail of goodies 10
07:55:02 [LOG]      > (Public) : Got session
08:06:41 [LOG]      > (Public) : Got session
08:06:42 [LOG]      > (Public) : Got session
08:06:42 [LOG]      > (Public) : Got session
08:06:42 [LOG]      > (Public) : Got session
08:06:42 [LOG]      > (Public) : Got all goodies
08:06:42 [LOG]      > (Public) : Got thumbnail of goodies 9
08:06:42 [LOG]      > (Public) : Got thumbnail of goodies 8
08:06:42 [LOG]      > (Public) : Got thumbnail of goodies 10
08:07:21 [LOG]      > (Public) : Got session
08:07:21 [LOG]      > (Public) : Got session
08:07:21 [LOG]      > (Public) : Got session
08:07:21 [LOG]      > (Public) : Got session
08:07:21 [LOG]      > (Public) : Got all goodies
08:07:21 [LOG]      > (Public) : Got thumbnail of goodies 9
08:07:21 [LOG]      > (Public) : Got thumbnail of goodies 8
08:07:21 [LOG]      > (Public) : Got thumbnail of goodies 10
08:13:45 [LOG]      > (Public) : Got session
08:13:45 [LOG]      > (Public) : Got session
08:13:45 [LOG]      > (Public) : Got session
08:13:45 [LOG]      > (Public) : Got session
08:13:45 [LOG]      > (Public) : Got all goodies
08:13:45 [LOG]      > (Public) : Got thumbnail of goodies 9
08:13:45 [LOG]      > (Public) : Got thumbnail of goodies 10
08:13:45 [LOG]      > (Public) : Got thumbnail of goodies 8
08:14:15 [LOG]      > (Public) : Got session
08:14:15 [LOG]      > (42intra-API) : Created new student manie
08:14:15 [ERROR]    > (42intra-API) : Failed -> Log student on database (QueryFailedError: null value in column "img_medium" of relation "stud" violates not-null constraint)
08:14:15 [WARNING]  > (42intra-API) : Failed -> Find student with login manie : student does not exist
08:14:15 [WARNING]  > (42intra-API) : Failed -> Find student with login manie : student does not exist
08:14:23 [LOG]      > (Public) : Got session
08:14:25 [LOG]      > (Public) : Got session
08:14:25 [LOG]      > (Public) : Got all goodies
08:14:25 [LOG]      > (Public) : Got session
08:14:25 [LOG]      > (Public) : Got thumbnail of goodies 9
08:14:25 [LOG]      > (Public) : Got thumbnail of goodies 8
08:14:25 [LOG]      > (Public) : Got thumbnail of goodies 10
08:14:25 [LOG]      > (Public) : Got session
08:14:25 [LOG]      > (Public) : Got session
08:24:45 [LOG]      > (Public) : Got session
08:24:45 [LOG]      > (Public) : Got session
08:24:45 [LOG]      > (Public) : Got session
08:24:45 [LOG]      > (Public) : Got session
08:24:46 [LOG]      > (Public) : Got all goodies
08:24:46 [LOG]      > (Public) : Got thumbnail of goodies 9
08:24:46 [LOG]      > (Public) : Got thumbnail of goodies 8
08:24:46 [LOG]      > (Public) : Got thumbnail of goodies 10
08:43:55 [LOG]      > (iCARUS) : Got student with login iCARUS
08:43:55 [WARNING]  > (iCARUS) : Updated session (admin)
08:43:55 [LOG]      > (iCARUS) : Got session
08:43:55 [LOG]      > (iCARUS) : Got all goodies
08:43:55 [LOG]      > (iCARUS) : Got session
08:43:55 [LOG]      > (iCARUS) : Got session
08:43:55 [LOG]      > (iCARUS) : Got session
08:43:55 [LOG]      > (iCARUS) : Got thumbnail of goodies 9
08:43:55 [LOG]      > (iCARUS) : Got thumbnail of goodies 8
08:43:55 [LOG]      > (iCARUS) : Got thumbnail of goodies 10
08:43:55 [LOG]      > (iCARUS) : Got all filtered events
08:43:55 [LOG]      > (iCARUS) : Got thumbnail of event 1
09:14:54 [LOG]      > (Link) : Got student with login Link
09:14:54 [WARNING]  > (Link) : Updated session (admin)
09:14:54 [LOG]      > (Link) : Got session
09:14:54 [LOG]      > (Link) : Got all goodies
09:14:54 [LOG]      > (Link) : Got session
09:14:54 [LOG]      > (Link) : Got session
09:14:54 [LOG]      > (Link) : Got session
09:14:54 [LOG]      > (Link) : Got thumbnail of goodies 9
09:14:55 [LOG]      > (Link) : Got thumbnail of goodies 10
09:14:55 [LOG]      > (Link) : Got thumbnail of goodies 8
09:14:55 [LOG]      > (Link) : Got all filtered events
09:14:55 [LOG]      > (Link) : Got thumbnail of event 1
09:14:57 [LOG]      > (Link) : Got thumbnail of event 1
09:14:57 [LOG]      > (Link) : Got student with login Link
09:14:57 [LOG]      > (Link) : Got event with id 1 
09:14:57 [LOG]      > (Link) : Checked if student Link is subbed to event 1
09:14:57 [LOG]      > (Link) : Checked if student Link is subbed to event 1
09:14:57 [LOG]      > (Link) : Got event with id 1 
09:14:57 [LOG]      > (Link) : Checked if student Link is subbed to event 1
09:16:31 [LOG]      > (Public) : Got session
09:16:31 [LOG]      > (Public) : Got session
09:16:31 [LOG]      > (Public) : Got all goodies
09:16:31 [LOG]      > (Public) : Got session
09:16:31 [LOG]      > (Public) : Got session
09:16:31 [LOG]      > (Public) : Got thumbnail of goodies 9
09:16:31 [LOG]      > (Public) : Got thumbnail of goodies 10
09:16:31 [LOG]      > (Public) : Got thumbnail of goodies 8
09:17:35 [LOG]      > (Public) : Got session
09:17:35 [LOG]      > (Public) : Got session
09:17:35 [LOG]      > (Public) : Got session
09:17:49 [LOG]      > (Public) : Got session
09:17:49 [LOG]      > (Public) : Got all goodies
09:17:49 [LOG]      > (Public) : Got session
09:17:50 [LOG]      > (Public) : Got thumbnail of goodies 9
09:17:50 [LOG]      > (Public) : Got thumbnail of goodies 8
09:17:50 [LOG]      > (Public) : Got thumbnail of goodies 10
09:17:50 [LOG]      > (Public) : Got session
09:17:51 [LOG]      > (Public) : Got session
09:18:00 [LOG]      > (Public) : Got session
09:18:01 [LOG]      > (42intra-API) : Created new student yohan
09:18:01 [WARNING]  > (42intra-API) : Failed -> Find student with login yohan : student does not exist
09:18:01 [ERROR]    > (42intra-API) : Failed -> Log student on database (QueryFailedError: null value in column "img_medium" of relation "stud" violates not-null constraint)
09:18:01 [WARNING]  > (42intra-API) : Failed -> Find student with login yohan : student does not exist
09:18:11 [LOG]      > (Public) : Got session
09:18:11 [LOG]      > (Public) : Got session
09:18:11 [LOG]      > (Public) : Got session
09:18:11 [LOG]      > (Public) : Got session
09:18:16 [LOG]      > (Public) : Got goodies with id 8
09:18:16 [LOG]      > (Public) : Got album of goodies 8
09:18:20 [LOG]      > (Public) : Got session
09:18:20 [LOG]      > (Public) : Got session
09:18:20 [LOG]      > (Public) : Got session
09:18:20 [LOG]      > (Public) : Got all goodies
09:18:20 [LOG]      > (Public) : Got session
09:18:20 [LOG]      > (Public) : Got thumbnail of goodies 8
09:18:20 [LOG]      > (Public) : Got thumbnail of goodies 9
09:18:20 [LOG]      > (Public) : Got thumbnail of goodies 10
09:18:22 [LOG]      > (Public) : Got goodies with id 8
09:18:22 [LOG]      > (Public) : Got album of goodies 8
09:18:35 [LOG]      > (Public) : Got goodies with id 9
09:18:35 [LOG]      > (Public) : Got album of goodies 9
09:18:38 [LOG]      > (Public) : Got goodies with id 10
09:18:38 [LOG]      > (Public) : Got album of goodies 10
09:18:43 [LOG]      > (Public) : Got goodies with id 8
09:18:43 [LOG]      > (Public) : Got album of goodies 8
09:19:10 [LOG]      > (Public) : Got goodies with id 10
09:19:10 [LOG]      > (Public) : Got album of goodies 10
09:19:12 [LOG]      > (Public) : Got goodies with id 9
09:19:12 [LOG]      > (Public) : Got album of goodies 9
09:19:39 [LOG]      > (Public) : Got session
09:19:41 [LOG]      > (42intra-API) : Created new student yohan
09:19:41 [WARNING]  > (42intra-API) : Failed -> Find student with login yohan : student does not exist
09:19:41 [ERROR]    > (42intra-API) : Failed -> Log student on database (QueryFailedError: null value in column "img_medium" of relation "stud" violates not-null constraint)
09:19:41 [WARNING]  > (42intra-API) : Failed -> Find student with login yohan : student does not exist
09:20:06 [LOG]      > (Public) : Got session
09:20:06 [LOG]      > (Public) : Got session
09:20:06 [LOG]      > (Public) : Got session
09:20:06 [LOG]      > (Public) : Got session
09:20:06 [LOG]      > (Public) : Got all goodies
09:20:06 [LOG]      > (Public) : Got thumbnail of goodies 9
09:20:06 [LOG]      > (Public) : Got thumbnail of goodies 8
09:20:06 [LOG]      > (Public) : Got thumbnail of goodies 10
09:20:42 [LOG]      > (Public) : Got session
09:20:43 [LOG]      > (42intra-API) : Created new student yoyostud
09:20:43 [LOG]      > (42intra-API) : Logged student yoyostud
09:20:43 [WARNING]  > (42intra-API) : Failed -> Find student with login yoyostud : student does not exist
09:20:43 [WARNING]  > (42intra-API) : Failed -> Find student with login yoyostud : student does not exist
09:20:43 [LOG]      > (yoyostud) : Got student with login yoyostud
09:20:43 [WARNING]  > (yoyostud) : Updated session (admin)
09:20:43 [LOG]      > (yoyostud) : Got session
09:20:43 [LOG]      > (yoyostud) : Got all goodies
09:20:43 [LOG]      > (yoyostud) : Got session
09:20:43 [LOG]      > (yoyostud) : Got session
09:20:43 [LOG]      > (yoyostud) : Got session
09:20:43 [LOG]      > (yoyostud) : Got thumbnail of goodies 9
09:20:43 [LOG]      > (yoyostud) : Got thumbnail of goodies 8
09:20:43 [LOG]      > (yoyostud) : Got thumbnail of goodies 10
09:20:43 [LOG]      > (yoyostud) : Got all filtered events
09:20:43 [LOG]      > (yoyostud) : Got thumbnail of event 1
09:20:46 [LOG]      > (yoyostud) : Got goodies with id 8
09:20:46 [LOG]      > (yoyostud) : Got album of goodies 8
09:20:56 [LOG]      > (yoyostud) : Got thumbnail of event 1
09:20:56 [LOG]      > (yoyostud) : Got event with id 1 
09:20:56 [LOG]      > (yoyostud) : Got student with login yoyostud
09:20:56 [LOG]      > (yoyostud) : Checked if student yoyostud is subbed to event 1
09:20:56 [LOG]      > (yoyostud) : Checked if student yoyostud is subbed to event 1
09:20:56 [LOG]      > (yoyostud) : Got event with id 1 
09:20:56 [LOG]      > (yoyostud) : Checked if student yoyostud is subbed to event 1
09:25:54 [LOG]      > (Link) : Got student with login Link
09:25:54 [WARNING]  > (Link) : Updated session (admin)
09:25:54 [LOG]      > (Link) : Got session
09:25:54 [LOG]      > (Link) : Got session
09:25:54 [LOG]      > (Link) : Got session
09:25:54 [LOG]      > (Link) : Got session
09:25:54 [LOG]      > (Link) : Got all contributions of student aguemazi
09:25:54 [LOG]      > (Link) : Got all contributions of student averon
09:25:54 [LOG]      > (Link) : Got all contributions of student Link
09:25:54 [LOG]      > (Link) : Got all contributions of student iCARUS
09:25:54 [LOG]      > (Link) : Got all contributions of student dhaliti
09:25:54 [LOG]      > (Link) : Got all contributions of student dsimler
09:25:54 [LOG]      > (Link) : Got all contributions of student edelarbr
09:25:54 [LOG]      > (Link) : Got all contributions of student emuller
09:25:54 [LOG]      > (Link) : Got all contributions of student isitbon
09:25:54 [LOG]      > (Link) : Got all contributions of student jdutschk
09:25:54 [LOG]      > (Link) : Got all contributions of student joberle
09:25:54 [LOG]      > (Link) : Got all contributions of student jschmitt
09:25:54 [LOG]      > (Link) : Got all contributions of student lhutt
09:25:54 [LOG]      > (Link) : Got all contributions of student llion
09:25:54 [LOG]      > (Link) : Got all contributions of student loculy
09:25:54 [LOG]      > (Link) : Got all contributions of student mde-vaul
09:25:54 [LOG]      > (Link) : Got all contributions of student mernst
09:25:54 [LOG]      > (Link) : Got all contributions of student mfusil
09:25:54 [LOG]      > (Link) : Got all contributions of student mgeisler
09:25:54 [LOG]      > (Link) : Got all contributions of student misimon
09:25:54 [LOG]      > (Link) : Got all contributions of student mpankewi
09:25:54 [LOG]      > (Link) : Got all contributions of student ndick
09:25:54 [LOG]      > (Link) : Got all contributions of student pwolff
09:25:54 [LOG]      > (Link) : Got all contributions of student snow
09:25:54 [LOG]      > (Link) : Got all contributions of student stissera
09:25:54 [LOG]      > (Link) : Got all contributions of student swalter
09:25:54 [LOG]      > (Link) : Got all contributions of student thomathi
09:25:54 [LOG]      > (Link) : Got all contributions of student tkempf-e
09:25:54 [LOG]      > (Link) : Got all contributions of student tunsinge
09:25:54 [LOG]      > (Link) : Got all contributions of student tvanbael
09:25:54 [LOG]      > (Link) : Got all contributions of student yabed
09:25:54 [LOG]      > (Link) : Got all contributions of student yoyostud
09:25:54 [LOG]      > (Link) : Got all students
09:30:05 [LOG]      > (Link) : Got student with login Link
09:30:05 [WARNING]  > (Link) : Updated session (admin)
09:30:05 [LOG]      > (Link) : Got session
09:30:05 [LOG]      > (Link) : Got student with login yoyostud
09:30:05 [LOG]      > (Link) : Got session
09:30:05 [LOG]      > (Link) : Got session
09:30:05 [LOG]      > (Link) : Got all events yoyostud subbed to
09:31:37 [LOG]      > (Link) : Got student with login Link
09:31:37 [WARNING]  > (Link) : Updated session (admin)
09:31:37 [LOG]      > (Link) : Got session
09:31:37 [LOG]      > (Link) : Got session
09:31:37 [LOG]      > (Link) : Got session
09:31:37 [LOG]      > (Link) : Got session
09:31:37 [LOG]      > (Link) : Got all goodies
09:31:37 [LOG]      > (Link) : Got thumbnail of goodies 9
09:31:37 [LOG]      > (Link) : Got thumbnail of goodies 8
09:31:37 [LOG]      > (Link) : Got thumbnail of goodies 10
09:31:37 [LOG]      > (Link) : Got all filtered events
09:31:37 [LOG]      > (Link) : Got thumbnail of event 1
09:31:38 [LOG]      > (Link) : Got goodies with id 8
09:31:38 [LOG]      > (Link) : Got album of goodies 8
09:31:44 [LOG]      > (Link) : Got student with login Link
09:31:44 [WARNING]  > (Link) : Updated session (admin)
09:31:44 [LOG]      > (Link) : Got session
09:31:44 [LOG]      > (Link) : Got session
09:31:44 [LOG]      > (Link) : Got session
09:32:00 [LOG]      > (Link) : Got student with login Link
09:32:00 [WARNING]  > (Link) : Updated session (admin)
09:32:01 [LOG]      > (Link) : Got session
09:32:01 [LOG]      > (Link) : Got session
09:32:01 [LOG]      > (Link) : Got session
09:32:01 [LOG]      > (Link) : Got session
09:32:01 [LOG]      > (Link) : Got all goodies
09:32:01 [LOG]      > (Link) : Got all filtered events
09:32:01 [LOG]      > (Link) : Got thumbnail of event 1
09:32:14 [LOG]      > (Link) : Got session
09:32:14 [LOG]      > (Public) : Got session
09:32:14 [LOG]      > (Public) : Got session
09:32:14 [LOG]      > (Public) : Got session
09:32:14 [LOG]      > (Public) : Got session
09:32:14 [LOG]      > (Public) : Got session
09:32:14 [LOG]      > (Public) : Got all goodies
09:32:16 [LOG]      > (Public) : Got thumbnail of goodies 9
09:32:16 [LOG]      > (Public) : Got thumbnail of goodies 8
09:32:16 [LOG]      > (Public) : Got thumbnail of goodies 10
09:32:18 [LOG]      > (Public) : Got goodies with id 8
09:32:18 [LOG]      > (Public) : Got album of goodies 8
09:32:55 [LOG]      > (Public) : Got session
09:32:56 [LOG]      > (42intra-API) : Got student with login Link
09:32:56 [LOG]      > (42intra-API) : Logged student Link
09:32:56 [LOG]      > (Link) : Got student with login Link
09:32:56 [WARNING]  > (Link) : Updated session (admin)
09:32:56 [LOG]      > (Link) : Got session
09:32:56 [LOG]      > (Link) : Got all goodies
09:32:56 [LOG]      > (Link) : Got session
09:32:56 [LOG]      > (Link) : Got session
09:32:56 [LOG]      > (Link) : Got session
09:32:56 [LOG]      > (Link) : Got all filtered events
09:32:56 [LOG]      > (Link) : Got thumbnail of event 1
09:32:56 [LOG]      > (Link) : Got thumbnail of goodies 9
09:32:56 [LOG]      > (Link) : Got thumbnail of goodies 8
09:32:56 [LOG]      > (Link) : Got thumbnail of goodies 10
09:34:06 [LOG]      > (Link) : Got student with login Link
09:34:06 [WARNING]  > (Link) : Updated session (admin)
09:34:06 [LOG]      > (Link) : Got session
09:34:06 [LOG]      > (Link) : Got all contributions of student aguemazi
09:34:06 [LOG]      > (Link) : Got all contributions of student averon
09:34:06 [LOG]      > (Link) : Got all contributions of student Link
09:34:06 [LOG]      > (Link) : Got session
09:34:06 [LOG]      > (Link) : Got all contributions of student iCARUS
09:34:06 [LOG]      > (Link) : Got all contributions of student dhaliti
09:34:06 [LOG]      > (Link) : Got all contributions of student dsimler
09:34:06 [LOG]      > (Link) : Got all contributions of student edelarbr
09:34:06 [LOG]      > (Link) : Got all contributions of student emuller
09:34:06 [LOG]      > (Link) : Got all contributions of student isitbon
09:34:06 [LOG]      > (Link) : Got all contributions of student jdutschk
09:34:06 [LOG]      > (Link) : Got all contributions of student joberle
09:34:06 [LOG]      > (Link) : Got all contributions of student jschmitt
09:34:06 [LOG]      > (Link) : Got all contributions of student lhutt
09:34:06 [LOG]      > (Link) : Got all contributions of student llion
09:34:06 [LOG]      > (Link) : Got session
09:34:06 [LOG]      > (Link) : Got all contributions of student loculy
09:34:06 [LOG]      > (Link) : Got all contributions of student mde-vaul
09:34:06 [LOG]      > (Link) : Got all contributions of student mernst
09:34:06 [LOG]      > (Link) : Got session
09:34:06 [LOG]      > (Link) : Got all contributions of student mfusil
09:34:06 [LOG]      > (Link) : Got all contributions of student mgeisler
09:34:06 [LOG]      > (Link) : Got all contributions of student misimon
09:34:06 [LOG]      > (Link) : Got all contributions of student mpankewi
09:34:06 [LOG]      > (Link) : Got all contributions of student ndick
09:34:06 [LOG]      > (Link) : Got all contributions of student pwolff
09:34:06 [LOG]      > (Link) : Got all contributions of student snow
09:34:06 [LOG]      > (Link) : Got all contributions of student stissera
09:34:06 [LOG]      > (Link) : Got all contributions of student swalter
09:34:06 [LOG]      > (Link) : Got all contributions of student thomathi
09:34:06 [LOG]      > (Link) : Got all contributions of student tkempf-e
09:34:06 [LOG]      > (Link) : Got all contributions of student tunsinge
09:34:06 [LOG]      > (Link) : Got all contributions of student tvanbael
09:34:06 [LOG]      > (Link) : Got all contributions of student yabed
09:34:06 [LOG]      > (Link) : Got all contributions of student yoyostud
09:34:06 [LOG]      > (Link) : Got all students
09:34:15 [LOG]      > (Link) : Got student with login Link
09:34:15 [WARNING]  > (Link) : Updated session (admin)
09:34:15 [LOG]      > (Link) : Got session
09:34:15 [LOG]      > (Link) : Got all goodies
09:34:15 [LOG]      > (Link) : Got session
09:34:15 [LOG]      > (Link) : Got session
09:34:15 [LOG]      > (Link) : Got session
09:34:16 [LOG]      > (Link) : Got thumbnail of goodies 9
09:34:16 [LOG]      > (Link) : Got all filtered events
09:34:16 [LOG]      > (Link) : Got thumbnail of goodies 10
09:34:16 [LOG]      > (Link) : Got thumbnail of goodies 8
09:34:16 [LOG]      > (Link) : Got thumbnail of event 1
09:34:16 [LOG]      > (Link) : Got student with login Link
09:34:16 [LOG]      > (Link) : Got thumbnail of event 1
09:34:16 [LOG]      > (Link) : Got event with id 1 
09:34:17 [LOG]      > (Link) : Checked if student Link is subbed to event 1
09:34:17 [LOG]      > (Link) : Checked if student Link is subbed to event 1
09:34:17 [LOG]      > (Link) : Got event with id 1 
09:34:17 [LOG]      > (Link) : Checked if student Link is subbed to event 1
09:34:35 [LOG]      > (Link) : Got student with login Link
09:34:35 [WARNING]  > (Link) : Updated session (admin)
09:34:35 [LOG]      > (Link) : Got session
09:34:35 [LOG]      > (Link) : Got all contributions of student aguemazi
09:34:35 [LOG]      > (Link) : Got all contributions of student averon
09:34:35 [LOG]      > (Link) : Got all contributions of student Link
09:34:35 [LOG]      > (Link) : Got session
09:34:35 [LOG]      > (Link) : Got all contributions of student iCARUS
09:34:35 [LOG]      > (Link) : Got all contributions of student dhaliti
09:34:35 [LOG]      > (Link) : Got all contributions of student dsimler
09:34:35 [LOG]      > (Link) : Got all contributions of student edelarbr
09:34:35 [LOG]      > (Link) : Got all contributions of student emuller
09:34:35 [LOG]      > (Link) : Got all contributions of student isitbon
09:34:35 [LOG]      > (Link) : Got all contributions of student jdutschk
09:34:35 [LOG]      > (Link) : Got all contributions of student joberle
09:34:35 [LOG]      > (Link) : Got all contributions of student jschmitt
09:34:35 [LOG]      > (Link) : Got all contributions of student lhutt
09:34:35 [LOG]      > (Link) : Got all contributions of student llion
09:34:35 [LOG]      > (Link) : Got session
09:34:35 [LOG]      > (Link) : Got session
09:34:35 [LOG]      > (Link) : Got all contributions of student loculy
09:34:35 [LOG]      > (Link) : Got all contributions of student mde-vaul
09:34:35 [LOG]      > (Link) : Got all contributions of student mernst
09:34:35 [LOG]      > (Link) : Got all contributions of student mfusil
09:34:35 [LOG]      > (Link) : Got all contributions of student mgeisler
09:34:35 [LOG]      > (Link) : Got all contributions of student misimon
09:34:35 [LOG]      > (Link) : Got all contributions of student mpankewi
09:34:35 [LOG]      > (Link) : Got all contributions of student ndick
09:34:35 [LOG]      > (Link) : Got all contributions of student pwolff
09:34:35 [LOG]      > (Link) : Got all contributions of student snow
09:34:35 [LOG]      > (Link) : Got all contributions of student stissera
09:34:35 [LOG]      > (Link) : Got all contributions of student swalter
09:34:35 [LOG]      > (Link) : Got all contributions of student thomathi
09:34:35 [LOG]      > (Link) : Got all contributions of student tkempf-e
09:34:35 [LOG]      > (Link) : Got all contributions of student tunsinge
09:34:35 [LOG]      > (Link) : Got all contributions of student tvanbael
09:34:35 [LOG]      > (Link) : Got all contributions of student yabed
09:34:35 [LOG]      > (Link) : Got all contributions of student yoyostud
09:34:35 [LOG]      > (Link) : Got all students
09:39:42 [LOG]      > (Link) : Got student with login Link
09:39:42 [WARNING]  > (Link) : Updated session (admin)
09:39:42 [LOG]      > (Link) : Got session
09:39:42 [LOG]      > (Link) : Got session
09:39:42 [LOG]      > (Link) : Got session
09:39:42 [LOG]      > (Link) : Got session
09:39:42 [LOG]      > (Link) : Got all goodies
09:39:42 [LOG]      > (Link) : Got thumbnail of goodies 8
09:39:43 [LOG]      > (Link) : Got thumbnail of goodies 9
09:39:43 [LOG]      > (Link) : Got all filtered events
09:39:43 [LOG]      > (Link) : Got thumbnail of goodies 10
09:39:43 [LOG]      > (Link) : Got thumbnail of event 1
09:45:36 [LOG]      > (Public) : Got session
09:45:36 [LOG]      > (Public) : Got session
09:45:36 [LOG]      > (Public) : Got session
09:45:36 [LOG]      > (Public) : Got session
09:45:36 [LOG]      > (Public) : Got all goodies
09:45:37 [LOG]      > (Public) : Got thumbnail of goodies 8
09:45:37 [LOG]      > (Public) : Got thumbnail of goodies 10
09:45:37 [LOG]      > (Public) : Got thumbnail of goodies 9
09:45:54 [LOG]      > (Public) : Got session
09:45:54 [LOG]      > (Public) : Got all goodies
09:45:54 [LOG]      > (Public) : Got session
09:45:54 [LOG]      > (Public) : Got session
09:45:54 [LOG]      > (Public) : Got session
09:45:54 [LOG]      > (Public) : Got thumbnail of goodies 10
09:45:54 [LOG]      > (Public) : Got thumbnail of goodies 9
09:45:54 [LOG]      > (Public) : Got thumbnail of goodies 8
09:46:04 [LOG]      > (Public) : Got session
09:46:04 [LOG]      > (42intra-API) : Created new student tbraquem
09:46:04 [LOG]      > (42intra-API) : Logged student tbraquem
09:46:04 [WARNING]  > (42intra-API) : Failed -> Find student with login tbraquem : student does not exist
09:46:04 [WARNING]  > (42intra-API) : Failed -> Find student with login tbraquem : student does not exist
09:46:04 [LOG]      > (tbraquem) : Got session
09:46:05 [LOG]      > (tbraquem) : Got student with login tbraquem
09:46:05 [WARNING]  > (tbraquem) : Updated session (admin)
09:46:06 [LOG]      > (tbraquem) : Got session
09:46:06 [LOG]      > (tbraquem) : Got all goodies
09:46:06 [LOG]      > (tbraquem) : Got session
09:46:06 [LOG]      > (tbraquem) : Got session
09:46:06 [LOG]      > (tbraquem) : Got session
09:46:06 [LOG]      > (tbraquem) : Got thumbnail of goodies 9
09:46:06 [LOG]      > (tbraquem) : Got thumbnail of goodies 8
09:46:06 [LOG]      > (tbraquem) : Got thumbnail of goodies 10
09:46:06 [LOG]      > (tbraquem) : Got all filtered events
09:46:06 [LOG]      > (tbraquem) : Got thumbnail of event 1
09:46:10 [LOG]      > (tbraquem) : Got session
09:46:10 [LOG]      > (tbraquem) : Got session
09:46:10 [LOG]      > (tbraquem) : Got session
09:46:10 [LOG]      > (tbraquem) : Got session
09:46:10 [LOG]      > (tbraquem) : Got session
09:46:10 [LOG]      > (tbraquem) : Got student with login tbraquem
09:46:10 [LOG]      > (tbraquem) : Got all events tbraquem subbed to
09:46:10 [WARNING]  > (tbraquem) : Failed -> Get mail of student tbraquem : student does not have real mail
09:46:18 [LOG]      > (tbraquem) : Got student with login tbraquem
09:46:18 [WARNING]  > (tbraquem) : Updated session (admin)
09:46:18 [LOG]      > (tbraquem) : Got session
09:46:18 [LOG]      > (tbraquem) : Got all goodies
09:46:18 [LOG]      > (tbraquem) : Got session
09:46:18 [LOG]      > (tbraquem) : Got session
09:46:18 [LOG]      > (tbraquem) : Got session
09:46:18 [LOG]      > (tbraquem) : Got thumbnail of goodies 8
09:46:18 [LOG]      > (tbraquem) : Got thumbnail of goodies 9
09:46:18 [LOG]      > (tbraquem) : Got thumbnail of goodies 10
09:46:18 [LOG]      > (tbraquem) : Got all filtered events
09:46:18 [LOG]      > (tbraquem) : Got thumbnail of event 1
09:46:20 [LOG]      > (tbraquem) : Got event with id 1 
09:46:20 [LOG]      > (tbraquem) : Got thumbnail of event 1
09:46:20 [LOG]      > (tbraquem) : Got student with login tbraquem
09:46:20 [LOG]      > (tbraquem) : Checked if student tbraquem is subbed to event 1
09:46:20 [LOG]      > (tbraquem) : Checked if student tbraquem is subbed to event 1
09:46:20 [LOG]      > (tbraquem) : Got event with id 1 
09:46:20 [LOG]      > (tbraquem) : Checked if student tbraquem is subbed to event 1
10:03:15 [LOG]      > (Public) : Got session
10:03:15 [LOG]      > (Public) : Got session
10:03:15 [LOG]      > (Public) : Got all goodies
10:03:15 [LOG]      > (Public) : Got session
10:03:15 [LOG]      > (Public) : Got session
10:03:15 [LOG]      > (Public) : Got thumbnail of goodies 9
10:03:15 [LOG]      > (Public) : Got thumbnail of goodies 10
10:03:15 [LOG]      > (Public) : Got thumbnail of goodies 8
10:04:24 [LOG]      > (Public) : Got session
10:04:24 [LOG]      > (Public) : Got session
10:04:24 [LOG]      > (Public) : Got session
10:04:24 [LOG]      > (Public) : Got session
10:04:24 [LOG]      > (Public) : Got all goodies
10:04:24 [LOG]      > (Public) : Got thumbnail of goodies 9
10:04:24 [LOG]      > (Public) : Got thumbnail of goodies 8
10:04:24 [LOG]      > (Public) : Got thumbnail of goodies 10
10:04:28 [LOG]      > (Public) : Got goodies with id 8
10:04:28 [LOG]      > (Public) : Got album of goodies 8
10:05:06 [LOG]      > (Public) : Got album of goodies 9
10:05:06 [LOG]      > (Public) : Got goodies with id 9
10:05:15 [LOG]      > (Public) : Got goodies with id 10
10:05:15 [LOG]      > (Public) : Got album of goodies 10
10:05:43 [LOG]      > (Public) : Got goodies with id 8
10:05:43 [LOG]      > (Public) : Got album of goodies 8
10:05:57 [LOG]      > (Public) : Got goodies with id 8
10:05:57 [LOG]      > (Public) : Got album of goodies 8
10:06:10 [LOG]      > (Public) : Got goodies with id 9
10:06:10 [LOG]      > (Public) : Got album of goodies 9
10:06:12 [LOG]      > (Public) : Got goodies with id 10
10:06:12 [LOG]      > (Public) : Got album of goodies 10
10:06:14 [LOG]      > (Public) : Got goodies with id 8
10:06:14 [LOG]      > (Public) : Got album of goodies 8
10:06:53 [LOG]      > (Public) : Got session
10:06:53 [LOG]      > (Public) : Got all goodies
10:06:53 [LOG]      > (Public) : Got session
10:06:54 [LOG]      > (Public) : Got session
10:06:54 [LOG]      > (Public) : Got thumbnail of goodies 9
10:06:54 [LOG]      > (Public) : Got thumbnail of goodies 8
10:06:54 [LOG]      > (Public) : Got thumbnail of goodies 10
10:06:54 [LOG]      > (Public) : Got session
10:07:14 [LOG]      > (Public) : Got session
10:07:14 [LOG]      > (Public) : Got session
10:07:14 [LOG]      > (Public) : Got session
10:07:14 [LOG]      > (Public) : Got session
10:07:14 [LOG]      > (Public) : Got all goodies
10:07:14 [LOG]      > (Public) : Got thumbnail of goodies 8
10:07:14 [LOG]      > (Public) : Got thumbnail of goodies 9
10:07:14 [LOG]      > (Public) : Got thumbnail of goodies 10
10:07:15 [LOG]      > (Public) : Got album of goodies 8
10:07:15 [LOG]      > (Public) : Got goodies with id 8
10:07:22 [LOG]      > (Public) : Got goodies with id 10
10:07:22 [LOG]      > (Public) : Got album of goodies 10
10:07:24 [LOG]      > (Public) : Got goodies with id 8
10:07:24 [LOG]      > (Public) : Got album of goodies 8
10:08:09 [LOG]      > (Public) : Got session
10:08:09 [LOG]      > (Public) : Got all goodies
10:08:09 [LOG]      > (Public) : Got session
10:08:09 [LOG]      > (Public) : Got session
10:08:09 [LOG]      > (Public) : Got session
10:08:09 [LOG]      > (Public) : Got thumbnail of goodies 9
10:08:09 [LOG]      > (Public) : Got thumbnail of goodies 10
10:08:09 [LOG]      > (Public) : Got thumbnail of goodies 8
10:08:24 [LOG]      > (Public) : Got session
10:08:25 [LOG]      > (42intra-API) : Created new student ggiboury
10:08:25 [WARNING]  > (42intra-API) : Failed -> Find student with login ggiboury : student does not exist
10:08:25 [LOG]      > (42intra-API) : Logged student ggiboury
10:08:25 [LOG]      > (ggiboury) : Got session
10:08:25 [WARNING]  > (42intra-API) : Failed -> Find student with login ggiboury : student does not exist
10:08:25 [LOG]      > (ggiboury) : Got student with login ggiboury
10:08:25 [WARNING]  > (ggiboury) : Updated session (admin)
10:08:25 [LOG]      > (ggiboury) : Got session
10:08:25 [LOG]      > (ggiboury) : Got all goodies
10:08:25 [LOG]      > (ggiboury) : Got session
10:08:25 [LOG]      > (ggiboury) : Got thumbnail of goodies 9
10:08:25 [LOG]      > (ggiboury) : Got session
10:08:25 [LOG]      > (ggiboury) : Got thumbnail of goodies 8
10:08:25 [LOG]      > (ggiboury) : Got thumbnail of goodies 10
10:08:25 [LOG]      > (ggiboury) : Got session
10:08:25 [LOG]      > (ggiboury) : Got all filtered events
10:08:25 [LOG]      > (ggiboury) : Got thumbnail of event 1
10:08:32 [LOG]      > (ggiboury) : Got goodies with id 8
10:08:32 [LOG]      > (ggiboury) : Got album of goodies 8
10:08:50 [LOG]      > (ggiboury) : Got album of goodies 9
10:08:50 [LOG]      > (ggiboury) : Got goodies with id 9
10:09:00 [LOG]      > (ggiboury) : Got goodies with id 10
10:09:00 [LOG]      > (ggiboury) : Got album of goodies 10
10:09:26 [LOG]      > (ggiboury) : Got event with id 1 
10:09:26 [LOG]      > (ggiboury) : Got thumbnail of event 1
10:09:26 [LOG]      > (ggiboury) : Got student with login ggiboury
10:09:26 [LOG]      > (ggiboury) : Checked if student ggiboury is subbed to event 1
10:09:26 [LOG]      > (ggiboury) : Checked if student ggiboury is subbed to event 1
10:09:26 [LOG]      > (ggiboury) : Got event with id 1 
10:09:26 [LOG]      > (ggiboury) : Checked if student ggiboury is subbed to event 1
10:09:26 [LOG]      > (ggiboury) : Checked if student ggiboury is subbed to event 1
10:10:12 [LOG]      > (Public) : Got session
10:10:12 [LOG]      > (Public) : Got session
10:10:12 [LOG]      > (Public) : Got session
10:10:12 [LOG]      > (Public) : Got session
10:10:12 [LOG]      > (Public) : Got all goodies
10:10:12 [LOG]      > (Public) : Got thumbnail of goodies 8
10:10:12 [LOG]      > (Public) : Got thumbnail of goodies 9
10:10:13 [LOG]      > (Public) : Got thumbnail of goodies 10
10:11:07 [LOG]      > (Public) : Got session
10:11:07 [LOG]      > (Public) : Got session
10:11:07 [LOG]      > (Public) : Got session
10:11:07 [LOG]      > (Public) : Got session
10:15:06 [LOG]      > (ggiboury) : Got event with id 1 
10:15:06 [LOG]      > (ggiboury) : Got thumbnail of event 1
10:15:06 [LOG]      > (ggiboury) : Got student with login ggiboury
10:15:06 [LOG]      > (ggiboury) : Checked if student ggiboury is subbed to event 1
10:15:06 [LOG]      > (ggiboury) : Got event with id 1 
10:15:06 [LOG]      > (ggiboury) : Checked if student ggiboury is subbed to event 1
10:15:06 [LOG]      > (ggiboury) : Checked if student ggiboury is subbed to event 1
10:15:06 [LOG]      > (ggiboury) : Checked if student ggiboury is subbed to event 1
10:15:08 [LOG]      > (Public) : Got session
10:15:08 [LOG]      > (Public) : Got all goodies
10:15:08 [LOG]      > (Public) : Got session
10:15:08 [LOG]      > (Public) : Got session
10:15:08 [LOG]      > (Public) : Got session
10:15:10 [LOG]      > (Public) : Got thumbnail of goodies 9
10:15:10 [LOG]      > (Public) : Got thumbnail of goodies 8
10:15:10 [LOG]      > (Public) : Got thumbnail of goodies 10
10:15:12 [LOG]      > (ggiboury) : Got goodies with id 8
10:15:12 [LOG]      > (ggiboury) : Got album of goodies 8
10:15:13 [LOG]      > (ggiboury) : Got goodies with id 10
10:15:13 [LOG]      > (ggiboury) : Got album of goodies 10
10:15:25 [LOG]      > (ggiboury) : Got goodies with id 9
10:15:25 [LOG]      > (ggiboury) : Got album of goodies 9
10:15:28 [LOG]      > (ggiboury) : Got student with login ggiboury
10:15:28 [LOG]      > (ggiboury) : Got thumbnail of event 1
10:15:28 [LOG]      > (ggiboury) : Got event with id 1 
10:15:28 [LOG]      > (ggiboury) : Checked if student ggiboury is subbed to event 1
10:15:28 [LOG]      > (ggiboury) : Got event with id 1 
10:15:28 [LOG]      > (ggiboury) : Checked if student ggiboury is subbed to event 1
10:15:28 [LOG]      > (ggiboury) : Checked if student ggiboury is subbed to event 1
10:15:31 [LOG]      > (ggiboury) : Got goodies with id 8
10:15:31 [LOG]      > (ggiboury) : Got album of goodies 8
10:15:33 [LOG]      > (ggiboury) : Got event with id 1 
10:15:33 [LOG]      > (ggiboury) : Got thumbnail of event 1
10:15:33 [LOG]      > (ggiboury) : Got student with login ggiboury
10:15:33 [LOG]      > (ggiboury) : Checked if student ggiboury is subbed to event 1
10:15:33 [LOG]      > (ggiboury) : Checked if student ggiboury is subbed to event 1
10:15:33 [LOG]      > (ggiboury) : Got event with id 1 
10:15:34 [LOG]      > (ggiboury) : Checked if student ggiboury is subbed to event 1
10:38:12 [LOG]      > (Public) : Got session
10:38:12 [LOG]      > (Public) : Got all goodies
10:38:12 [LOG]      > (Public) : Got session
10:38:12 [LOG]      > (Public) : Got session
10:38:12 [LOG]      > (Public) : Got session
10:38:12 [LOG]      > (Public) : Got thumbnail of goodies 9
10:38:12 [LOG]      > (Public) : Got thumbnail of goodies 8
10:38:12 [LOG]      > (Public) : Got thumbnail of goodies 10
10:59:20 [LOG]      > (Public) : Got session
10:59:20 [LOG]      > (Public) : Got session
10:59:20 [LOG]      > (Public) : Got session
10:59:20 [LOG]      > (Public) : Got session
10:59:20 [LOG]      > (Public) : Got all goodies
10:59:20 [LOG]      > (Public) : Got thumbnail of goodies 8
10:59:20 [LOG]      > (Public) : Got thumbnail of goodies 10
10:59:20 [LOG]      > (Public) : Got thumbnail of goodies 9
11:24:24 [LOG]      > (Public) : Got session
11:24:24 [LOG]      > (Public) : Got session
11:24:24 [LOG]      > (Public) : Got session
11:24:24 [LOG]      > (Public) : Got session
11:24:24 [LOG]      > (Public) : Got all goodies
11:24:24 [LOG]      > (Public) : Got thumbnail of goodies 8
11:24:24 [LOG]      > (Public) : Got thumbnail of goodies 9
11:24:24 [LOG]      > (Public) : Got thumbnail of goodies 10
12:30:47 [LOG]      > (Link) : Got student with login Link
12:30:47 [WARNING]  > (Link) : Updated session (admin)
12:30:47 [LOG]      > (Link) : Got session
12:30:47 [LOG]      > (Link) : Got all goodies
12:30:47 [LOG]      > (Link) : Got session
12:30:47 [LOG]      > (Link) : Got session
12:30:47 [LOG]      > (Link) : Got session
12:30:47 [LOG]      > (Link) : Got thumbnail of goodies 9
12:30:47 [LOG]      > (Link) : Got thumbnail of goodies 10
12:30:47 [LOG]      > (Link) : Got thumbnail of goodies 8
12:30:47 [LOG]      > (Link) : Got all filtered events
12:30:47 [LOG]      > (Link) : Got thumbnail of event 1
12:30:52 [LOG]      > (Link) : Got student with login Link
12:30:52 [WARNING]  > (Link) : Updated session (admin)
12:30:52 [LOG]      > (Link) : Got session
12:30:52 [LOG]      > (Link) : Got session
12:30:52 [LOG]      > (Link) : Got session
12:30:52 [LOG]      > (Link) : Got session
12:30:52 [LOG]      > (Link) : Got all contributions of student aguemazi
12:30:52 [LOG]      > (Link) : Got all contributions of student averon
12:30:52 [LOG]      > (Link) : Got all contributions of student Link
12:30:52 [LOG]      > (Link) : Got all contributions of student iCARUS
12:30:52 [LOG]      > (Link) : Got all contributions of student dhaliti
12:30:52 [LOG]      > (Link) : Got all contributions of student dsimler
12:30:52 [LOG]      > (Link) : Got all contributions of student edelarbr
12:30:52 [LOG]      > (Link) : Got all contributions of student emuller
12:30:52 [LOG]      > (Link) : Got all contributions of student ggiboury
12:30:52 [LOG]      > (Link) : Got all contributions of student isitbon
12:30:52 [LOG]      > (Link) : Got all contributions of student jdutschk
12:30:52 [LOG]      > (Link) : Got all contributions of student joberle
12:30:52 [LOG]      > (Link) : Got all contributions of student jschmitt
12:30:52 [LOG]      > (Link) : Got all contributions of student lhutt
12:30:52 [LOG]      > (Link) : Got all contributions of student llion
12:30:52 [LOG]      > (Link) : Got all contributions of student loculy
12:30:52 [LOG]      > (Link) : Got all contributions of student mde-vaul
12:30:52 [LOG]      > (Link) : Got all contributions of student mernst
12:30:52 [LOG]      > (Link) : Got all contributions of student mfusil
12:30:52 [LOG]      > (Link) : Got all contributions of student mgeisler
12:30:52 [LOG]      > (Link) : Got all contributions of student misimon
12:30:52 [LOG]      > (Link) : Got all contributions of student mpankewi
12:30:52 [LOG]      > (Link) : Got all contributions of student ndick
12:30:52 [LOG]      > (Link) : Got all contributions of student pwolff
12:30:52 [LOG]      > (Link) : Got all contributions of student snow
12:30:52 [LOG]      > (Link) : Got all contributions of student stissera
12:30:52 [LOG]      > (Link) : Got all contributions of student swalter
12:30:52 [LOG]      > (Link) : Got all contributions of student tbraquem
12:30:52 [LOG]      > (Link) : Got all contributions of student thomathi
12:30:52 [LOG]      > (Link) : Got all contributions of student tkempf-e
12:30:52 [LOG]      > (Link) : Got all contributions of student tunsinge
12:30:52 [LOG]      > (Link) : Got all contributions of student tvanbael
12:30:52 [LOG]      > (Link) : Got all contributions of student yabed
12:30:52 [LOG]      > (Link) : Got all contributions of student yoyostud
12:30:52 [LOG]      > (Link) : Got all students
